
Attaching package: ‘dplyr’

The following objects are masked from ‘package:stats’:

    filter, lag

The following objects are masked from ‘package:base’:

    intersect, setdiff, setequal, union

[?25h[?25h
Attaching package: ‘data.table’

The following objects are masked from ‘package:dplyr’:

    between, first, last

[?25h[?25h
Attaching package: ‘rlang’

The following object is masked from ‘package:data.table’:

    :=

[?25h
Attaching package: ‘reshape2’

The following objects are masked from ‘package:data.table’:

    dcast, melt

The following object is masked from ‘package:tidyr’:

    smiths

[?25h[?25hLoading required package: coda
Warning message:
package ‘coda’ was built under R version 4.3.2 
[?25hhere() starts at /home/danielco/Downloads/sgd-trading
[?25h[?25hWarning message:
package ‘optparse’ was built under R version 4.3.3 
[?25h
Attaching package: ‘lubridate’

The following objects are masked from ‘package:data.table’:

    hour, isoweek, mday, minute, month, quarter, second, wday, week,
    yday, year

The following objects are masked from ‘package:base’:

    date, intersect, setdiff, union


Attaching package: ‘zoo’

The following objects are masked from ‘package:base’:

    as.Date, as.Date.numeric

[?25hError: Unable to load package rollRegres -  there is no package called ‘rollRegres’
[?25h
Attaching package: ‘ggplot2’

The following object is masked from ‘package:dlm’:

    %+%

[?25h[?25h[?25h[?25h[?25h[?25h[?25h[?25h[?25h[?25h[?25h[?25h[?25h[?25hpad applied on the interval: day
[?25h[?25h[?25h[?25h[?25h[?25h[?25h[?25hEstimating models...
